[18:06:23] [ServerMain/INFO]: Environment: Environment[sessionHost=https://sessionserver.mojang.com, servicesHost=https://api.minecraftservices.com, name=PROD]
[18:06:24] [ServerMain/INFO]: Loaded 7 recipes
[18:06:25] [Server thread/INFO]: Starting minecraft server version 1.20.4
[18:06:25] [Server thread/INFO]: Loading properties
[18:06:25] [Server thread/INFO]: This server is running CraftBukkit version 4049-Spigot-c198da2-5bf12cb (MC: 1.20.4) (Implementing API version 1.20.4-R0.1-SNAPSHOT)
[18:06:25] [Server thread/INFO]: Debug logging is disabled
[18:06:25] [Server thread/INFO]: Server Ping Player Sample Count: 12
[18:06:25] [Server thread/INFO]: Using 4 threads for Netty based IO
[18:06:25] [Server thread/INFO]: Default game type: SURVIVAL
[18:06:25] [Server thread/INFO]: Generating keypair
[18:06:25] [Server thread/INFO]: Starting Minecraft server on *:25565
[18:06:25] [Server thread/INFO]: Using default channel type
[18:06:25] [Server thread/INFO]: [mahimutblocktouch] Loading mahimutblocktouch v0.0.1
[18:06:25] [Server thread/INFO]: Preparing level "world"
[18:06:25] [Server thread/INFO]: -------- World Settings For [world] --------
[18:06:25] [Server thread/INFO]: Allow Zombie Pigmen to spawn from portal blocks: true
[18:06:25] [Server thread/INFO]: Zombie Aggressive Towards Villager: true
[18:06:25] [Server thread/INFO]: Simulation Distance: 10
[18:06:25] [Server thread/INFO]: Item Despawn Rate: 6000
[18:06:25] [Server thread/INFO]: Arrow Despawn Rate: 1200 Trident Respawn Rate:1200
[18:06:25] [Server thread/INFO]: Nerfing mobs spawned from spawners: false
[18:06:25] [Server thread/INFO]: Cactus Growth Modifier: 100%
[18:06:25] [Server thread/INFO]: Cane Growth Modifier: 100%
[18:06:25] [Server thread/INFO]: Melon Growth Modifier: 100%
[18:06:25] [Server thread/INFO]: Mushroom Growth Modifier: 100%
[18:06:25] [Server thread/INFO]: Pumpkin Growth Modifier: 100%
[18:06:25] [Server thread/INFO]: Sapling Growth Modifier: 100%
[18:06:25] [Server thread/INFO]: Beetroot Growth Modifier: 100%
[18:06:25] [Server thread/INFO]: Carrot Growth Modifier: 100%
[18:06:25] [Server thread/INFO]: Potato Growth Modifier: 100%
[18:06:25] [Server thread/INFO]: Wheat Growth Modifier: 100%
[18:06:25] [Server thread/INFO]: NetherWart Growth Modifier: 100%
[18:06:25] [Server thread/INFO]: Vine Growth Modifier: 100%
[18:06:25] [Server thread/INFO]: Cocoa Growth Modifier: 100%
[18:06:25] [Server thread/INFO]: Bamboo Growth Modifier: 100%
[18:06:25] [Server thread/INFO]: SweetBerry Growth Modifier: 100%
[18:06:25] [Server thread/INFO]: Kelp Growth Modifier: 100%
[18:06:25] [Server thread/INFO]: TwistingVines Growth Modifier: 100%
[18:06:25] [Server thread/INFO]: WeepingVines Growth Modifier: 100%
[18:06:25] [Server thread/INFO]: CaveVines Growth Modifier: 100%
[18:06:25] [Server thread/INFO]: Entity Activation Range: An 32 / Mo 32 / Ra 48 / Mi 16 / Tiv true / Isa false
[18:06:25] [Server thread/INFO]: Custom Map Seeds:  Village: 10387312 Desert: 14357617 Igloo: 14357618 Jungle: 14357619 Swamp: 14357620 Monument: 10387313 Ocean: 14357621 Shipwreck: 165745295 End City: 10387313 Slime: 987234911 Nether: 30084232 Mansion: 10387319 Fossil: 14357921 Portal: 34222645
[18:06:25] [Server thread/INFO]: View Distance: 10
[18:06:25] [Server thread/INFO]: Item Merge Radius: 2.5
[18:06:25] [Server thread/INFO]: Experience Merge Radius: 3.0
[18:06:25] [Server thread/INFO]: Mob Spawn Range: 6
[18:06:25] [Server thread/INFO]: Entity Tracking Range: Pl 48 / An 48 / Mo 48 / Mi 32 / Di 128 / Other 64
[18:06:25] [Server thread/INFO]: Hopper Transfer: 8 Hopper Check: 1 Hopper Amount: 1 Hopper Can Load Chunks: false
[18:06:25] [Server thread/INFO]: Max TNT Explosions: 100
[18:06:25] [Server thread/INFO]: Tile Max Tick Time: 50ms Entity max Tick Time: 50ms
[18:06:26] [Server thread/INFO]: -------- World Settings For [world_nether] --------
[18:06:26] [Server thread/INFO]: Allow Zombie Pigmen to spawn from portal blocks: true
[18:06:26] [Server thread/INFO]: Zombie Aggressive Towards Villager: true
[18:06:26] [Server thread/INFO]: Simulation Distance: 10
[18:06:26] [Server thread/INFO]: Item Despawn Rate: 6000
[18:06:26] [Server thread/INFO]: Arrow Despawn Rate: 1200 Trident Respawn Rate:1200
[18:06:26] [Server thread/INFO]: Nerfing mobs spawned from spawners: false
[18:06:26] [Server thread/INFO]: Cactus Growth Modifier: 100%
[18:06:26] [Server thread/INFO]: Cane Growth Modifier: 100%
[18:06:26] [Server thread/INFO]: Melon Growth Modifier: 100%
[18:06:26] [Server thread/INFO]: Mushroom Growth Modifier: 100%
[18:06:26] [Server thread/INFO]: Pumpkin Growth Modifier: 100%
[18:06:26] [Server thread/INFO]: Sapling Growth Modifier: 100%
[18:06:26] [Server thread/INFO]: Beetroot Growth Modifier: 100%
[18:06:26] [Server thread/INFO]: Carrot Growth Modifier: 100%
[18:06:26] [Server thread/INFO]: Potato Growth Modifier: 100%
[18:06:26] [Server thread/INFO]: Wheat Growth Modifier: 100%
[18:06:26] [Server thread/INFO]: NetherWart Growth Modifier: 100%
[18:06:26] [Server thread/INFO]: Vine Growth Modifier: 100%
[18:06:26] [Server thread/INFO]: Cocoa Growth Modifier: 100%
[18:06:26] [Server thread/INFO]: Bamboo Growth Modifier: 100%
[18:06:26] [Server thread/INFO]: SweetBerry Growth Modifier: 100%
[18:06:26] [Server thread/INFO]: Kelp Growth Modifier: 100%
[18:06:26] [Server thread/INFO]: TwistingVines Growth Modifier: 100%
[18:06:26] [Server thread/INFO]: WeepingVines Growth Modifier: 100%
[18:06:26] [Server thread/INFO]: CaveVines Growth Modifier: 100%
[18:06:26] [Server thread/INFO]: Entity Activation Range: An 32 / Mo 32 / Ra 48 / Mi 16 / Tiv true / Isa false
[18:06:26] [Server thread/INFO]: Custom Map Seeds:  Village: 10387312 Desert: 14357617 Igloo: 14357618 Jungle: 14357619 Swamp: 14357620 Monument: 10387313 Ocean: 14357621 Shipwreck: 165745295 End City: 10387313 Slime: 987234911 Nether: 30084232 Mansion: 10387319 Fossil: 14357921 Portal: 34222645
[18:06:26] [Server thread/INFO]: View Distance: 10
[18:06:26] [Server thread/INFO]: Item Merge Radius: 2.5
[18:06:26] [Server thread/INFO]: Experience Merge Radius: 3.0
[18:06:26] [Server thread/INFO]: Mob Spawn Range: 6
[18:06:26] [Server thread/INFO]: Entity Tracking Range: Pl 48 / An 48 / Mo 48 / Mi 32 / Di 128 / Other 64
[18:06:26] [Server thread/INFO]: Hopper Transfer: 8 Hopper Check: 1 Hopper Amount: 1 Hopper Can Load Chunks: false
[18:06:26] [Server thread/INFO]: Max TNT Explosions: 100
[18:06:26] [Server thread/INFO]: Tile Max Tick Time: 50ms Entity max Tick Time: 50ms
[18:06:26] [Server thread/INFO]: -------- World Settings For [world_the_end] --------
[18:06:26] [Server thread/INFO]: Allow Zombie Pigmen to spawn from portal blocks: true
[18:06:26] [Server thread/INFO]: Zombie Aggressive Towards Villager: true
[18:06:26] [Server thread/INFO]: Simulation Distance: 10
[18:06:26] [Server thread/INFO]: Item Despawn Rate: 6000
[18:06:26] [Server thread/INFO]: Arrow Despawn Rate: 1200 Trident Respawn Rate:1200
[18:06:26] [Server thread/INFO]: Nerfing mobs spawned from spawners: false
[18:06:26] [Server thread/INFO]: Cactus Growth Modifier: 100%
[18:06:26] [Server thread/INFO]: Cane Growth Modifier: 100%
[18:06:26] [Server thread/INFO]: Melon Growth Modifier: 100%
[18:06:26] [Server thread/INFO]: Mushroom Growth Modifier: 100%
[18:06:26] [Server thread/INFO]: Pumpkin Growth Modifier: 100%
[18:06:26] [Server thread/INFO]: Sapling Growth Modifier: 100%
[18:06:26] [Server thread/INFO]: Beetroot Growth Modifier: 100%
[18:06:26] [Server thread/INFO]: Carrot Growth Modifier: 100%
[18:06:26] [Server thread/INFO]: Potato Growth Modifier: 100%
[18:06:26] [Server thread/INFO]: Wheat Growth Modifier: 100%
[18:06:26] [Server thread/INFO]: NetherWart Growth Modifier: 100%
[18:06:26] [Server thread/INFO]: Vine Growth Modifier: 100%
[18:06:26] [Server thread/INFO]: Cocoa Growth Modifier: 100%
[18:06:26] [Server thread/INFO]: Bamboo Growth Modifier: 100%
[18:06:26] [Server thread/INFO]: SweetBerry Growth Modifier: 100%
[18:06:26] [Server thread/INFO]: Kelp Growth Modifier: 100%
[18:06:26] [Server thread/INFO]: TwistingVines Growth Modifier: 100%
[18:06:26] [Server thread/INFO]: WeepingVines Growth Modifier: 100%
[18:06:26] [Server thread/INFO]: CaveVines Growth Modifier: 100%
[18:06:26] [Server thread/INFO]: Entity Activation Range: An 32 / Mo 32 / Ra 48 / Mi 16 / Tiv true / Isa false
[18:06:26] [Server thread/INFO]: Custom Map Seeds:  Village: 10387312 Desert: 14357617 Igloo: 14357618 Jungle: 14357619 Swamp: 14357620 Monument: 10387313 Ocean: 14357621 Shipwreck: 165745295 End City: 10387313 Slime: 987234911 Nether: 30084232 Mansion: 10387319 Fossil: 14357921 Portal: 34222645
[18:06:26] [Server thread/INFO]: View Distance: 10
[18:06:26] [Server thread/INFO]: Item Merge Radius: 2.5
[18:06:26] [Server thread/INFO]: Experience Merge Radius: 3.0
[18:06:26] [Server thread/INFO]: Mob Spawn Range: 6
[18:06:26] [Server thread/INFO]: Entity Tracking Range: Pl 48 / An 48 / Mo 48 / Mi 32 / Di 128 / Other 64
[18:06:26] [Server thread/INFO]: Hopper Transfer: 8 Hopper Check: 1 Hopper Amount: 1 Hopper Can Load Chunks: false
[18:06:26] [Server thread/INFO]: Max TNT Explosions: 100
[18:06:26] [Server thread/INFO]: Tile Max Tick Time: 50ms Entity max Tick Time: 50ms
[18:06:26] [Server thread/INFO]: Preparing start region for dimension minecraft:overworld
[18:06:27] [Worker-Main-4/INFO]: Preparing spawn area: 0%
[18:06:27] [Worker-Main-4/INFO]: Preparing spawn area: 0%
[18:06:27] [Worker-Main-4/INFO]: Preparing spawn area: 0%
[18:06:28] [Worker-Main-6/INFO]: Preparing spawn area: 28%
[18:06:28] [Worker-Main-7/INFO]: Preparing spawn area: 83%
[18:06:29] [Worker-Main-6/INFO]: Preparing spawn area: 90%
[18:06:29] [Worker-Main-5/INFO]: Preparing spawn area: 99%
[18:06:29] [Server thread/INFO]: Time elapsed: 3015 ms
[18:06:29] [Server thread/INFO]: Preparing start region for dimension minecraft:the_nether
[18:06:30] [Worker-Main-6/INFO]: Preparing spawn area: 0%
[18:06:30] [Worker-Main-5/INFO]: Preparing spawn area: 1%
[18:06:30] [Worker-Main-3/INFO]: Preparing spawn area: 68%
[18:06:31] [Worker-Main-1/INFO]: Preparing spawn area: 73%
[18:06:31] [Worker-Main-2/INFO]: Preparing spawn area: 83%
[18:06:32] [Worker-Main-1/INFO]: Preparing spawn area: 87%
[18:06:32] [Worker-Main-2/INFO]: Preparing spawn area: 93%
[18:06:33] [Server thread/INFO]: Time elapsed: 3356 ms
[18:06:33] [Server thread/INFO]: Preparing start region for dimension minecraft:the_end
[18:06:33] [Worker-Main-2/INFO]: Preparing spawn area: 0%
[18:06:33] [Worker-Main-2/INFO]: Preparing spawn area: 26%
[18:06:34] [Server thread/INFO]: Time elapsed: 895 ms
[18:06:34] [Server thread/INFO]: [mahimutblocktouch] Enabling mahimutblocktouch v0.0.1
[18:06:34] [Server thread/INFO]: Server permissions file permissions.yml is empty, ignoring it
[18:06:34] [Server thread/INFO]: Done (8.314s)! For help, type "help"
[18:06:37] [User Authenticator #1/INFO]: UUID of player MiguelDeg is e12b319c-169f-4090-98ea-14cf57f54830
[18:06:37] [Server thread/INFO]: MiguelDeg joined the game
[18:06:37] [Server thread/INFO]: MiguelDeg[/127.0.0.1:51758] logged in with entity id 255 at ([world]-0.8732918044212913, 78.0, -2.2537670200808004)
[18:07:04] [Server thread/INFO]: MiguelDeg hit the ground too hard
[18:07:32] [Server thread/INFO]: MiguelDeg issued server command: /rl confirm
[18:07:32] [Server thread/INFO]: MiguelDeg: [0;31;1mPlease note that this command is not supported and may cause issues when using some plugins.[m
[18:07:32] [Server thread/INFO]: MiguelDeg: [0;31;1mIf you encounter any issues please use the /stop command to restart your server.[m
[18:07:32] [Server thread/INFO]: Debug logging is disabled
[18:07:32] [Server thread/INFO]: Server Ping Player Sample Count: 12
[18:07:32] [Server thread/INFO]: Using 4 threads for Netty based IO
[18:07:32] [Server thread/INFO]: -------- World Settings For [world] --------
[18:07:32] [Server thread/INFO]: Allow Zombie Pigmen to spawn from portal blocks: true
[18:07:32] [Server thread/INFO]: Zombie Aggressive Towards Villager: true
[18:07:32] [Server thread/INFO]: Simulation Distance: 10
[18:07:32] [Server thread/INFO]: Item Despawn Rate: 6000
[18:07:32] [Server thread/INFO]: Arrow Despawn Rate: 1200 Trident Respawn Rate:1200
[18:07:32] [Server thread/INFO]: Nerfing mobs spawned from spawners: false
[18:07:32] [Server thread/INFO]: Cactus Growth Modifier: 100%
[18:07:32] [Server thread/INFO]: Cane Growth Modifier: 100%
[18:07:32] [Server thread/INFO]: Melon Growth Modifier: 100%
[18:07:32] [Server thread/INFO]: Mushroom Growth Modifier: 100%
[18:07:32] [Server thread/INFO]: Pumpkin Growth Modifier: 100%
[18:07:32] [Server thread/INFO]: Sapling Growth Modifier: 100%
[18:07:32] [Server thread/INFO]: Beetroot Growth Modifier: 100%
[18:07:32] [Server thread/INFO]: Carrot Growth Modifier: 100%
[18:07:32] [Server thread/INFO]: Potato Growth Modifier: 100%
[18:07:32] [Server thread/INFO]: Wheat Growth Modifier: 100%
[18:07:32] [Server thread/INFO]: NetherWart Growth Modifier: 100%
[18:07:32] [Server thread/INFO]: Vine Growth Modifier: 100%
[18:07:32] [Server thread/INFO]: Cocoa Growth Modifier: 100%
[18:07:32] [Server thread/INFO]: Bamboo Growth Modifier: 100%
[18:07:32] [Server thread/INFO]: SweetBerry Growth Modifier: 100%
[18:07:32] [Server thread/INFO]: Kelp Growth Modifier: 100%
[18:07:32] [Server thread/INFO]: TwistingVines Growth Modifier: 100%
[18:07:32] [Server thread/INFO]: WeepingVines Growth Modifier: 100%
[18:07:32] [Server thread/INFO]: CaveVines Growth Modifier: 100%
[18:07:32] [Server thread/INFO]: Entity Activation Range: An 32 / Mo 32 / Ra 48 / Mi 16 / Tiv true / Isa false
[18:07:32] [Server thread/INFO]: Custom Map Seeds:  Village: 10387312 Desert: 14357617 Igloo: 14357618 Jungle: 14357619 Swamp: 14357620 Monument: 10387313 Ocean: 14357621 Shipwreck: 165745295 End City: 10387313 Slime: 987234911 Nether: 30084232 Mansion: 10387319 Fossil: 14357921 Portal: 34222645
[18:07:32] [Server thread/INFO]: View Distance: 10
[18:07:32] [Server thread/INFO]: Item Merge Radius: 2.5
[18:07:32] [Server thread/INFO]: Experience Merge Radius: 3.0
[18:07:32] [Server thread/INFO]: Mob Spawn Range: 6
[18:07:32] [Server thread/INFO]: Entity Tracking Range: Pl 48 / An 48 / Mo 48 / Mi 32 / Di 128 / Other 64
[18:07:32] [Server thread/INFO]: Hopper Transfer: 8 Hopper Check: 1 Hopper Amount: 1 Hopper Can Load Chunks: false
[18:07:32] [Server thread/INFO]: Max TNT Explosions: 100
[18:07:32] [Server thread/INFO]: Tile Max Tick Time: 50ms Entity max Tick Time: 50ms
[18:07:32] [Server thread/INFO]: -------- World Settings For [world_nether] --------
[18:07:32] [Server thread/INFO]: Allow Zombie Pigmen to spawn from portal blocks: true
[18:07:32] [Server thread/INFO]: Zombie Aggressive Towards Villager: true
[18:07:32] [Server thread/INFO]: Simulation Distance: 10
[18:07:32] [Server thread/INFO]: Item Despawn Rate: 6000
[18:07:32] [Server thread/INFO]: Arrow Despawn Rate: 1200 Trident Respawn Rate:1200
[18:07:32] [Server thread/INFO]: Nerfing mobs spawned from spawners: false
[18:07:32] [Server thread/INFO]: Cactus Growth Modifier: 100%
[18:07:32] [Server thread/INFO]: Cane Growth Modifier: 100%
[18:07:32] [Server thread/INFO]: Melon Growth Modifier: 100%
[18:07:32] [Server thread/INFO]: Mushroom Growth Modifier: 100%
[18:07:32] [Server thread/INFO]: Pumpkin Growth Modifier: 100%
[18:07:32] [Server thread/INFO]: Sapling Growth Modifier: 100%
[18:07:32] [Server thread/INFO]: Beetroot Growth Modifier: 100%
[18:07:32] [Server thread/INFO]: Carrot Growth Modifier: 100%
[18:07:32] [Server thread/INFO]: Potato Growth Modifier: 100%
[18:07:32] [Server thread/INFO]: Wheat Growth Modifier: 100%
[18:07:32] [Server thread/INFO]: NetherWart Growth Modifier: 100%
[18:07:32] [Server thread/INFO]: Vine Growth Modifier: 100%
[18:07:32] [Server thread/INFO]: Cocoa Growth Modifier: 100%
[18:07:32] [Server thread/INFO]: Bamboo Growth Modifier: 100%
[18:07:32] [Server thread/INFO]: SweetBerry Growth Modifier: 100%
[18:07:32] [Server thread/INFO]: Kelp Growth Modifier: 100%
[18:07:32] [Server thread/INFO]: TwistingVines Growth Modifier: 100%
[18:07:32] [Server thread/INFO]: WeepingVines Growth Modifier: 100%
[18:07:32] [Server thread/INFO]: CaveVines Growth Modifier: 100%
[18:07:32] [Server thread/INFO]: Entity Activation Range: An 32 / Mo 32 / Ra 48 / Mi 16 / Tiv true / Isa false
[18:07:32] [Server thread/INFO]: Custom Map Seeds:  Village: 10387312 Desert: 14357617 Igloo: 14357618 Jungle: 14357619 Swamp: 14357620 Monument: 10387313 Ocean: 14357621 Shipwreck: 165745295 End City: 10387313 Slime: 987234911 Nether: 30084232 Mansion: 10387319 Fossil: 14357921 Portal: 34222645
[18:07:32] [Server thread/INFO]: View Distance: 10
[18:07:32] [Server thread/INFO]: Item Merge Radius: 2.5
[18:07:32] [Server thread/INFO]: Experience Merge Radius: 3.0
[18:07:32] [Server thread/INFO]: Mob Spawn Range: 6
[18:07:32] [Server thread/INFO]: Entity Tracking Range: Pl 48 / An 48 / Mo 48 / Mi 32 / Di 128 / Other 64
[18:07:32] [Server thread/INFO]: Hopper Transfer: 8 Hopper Check: 1 Hopper Amount: 1 Hopper Can Load Chunks: false
[18:07:32] [Server thread/INFO]: Max TNT Explosions: 100
[18:07:32] [Server thread/INFO]: Tile Max Tick Time: 50ms Entity max Tick Time: 50ms
[18:07:32] [Server thread/INFO]: -------- World Settings For [world_the_end] --------
[18:07:32] [Server thread/INFO]: Allow Zombie Pigmen to spawn from portal blocks: true
[18:07:32] [Server thread/INFO]: Zombie Aggressive Towards Villager: true
[18:07:32] [Server thread/INFO]: Simulation Distance: 10
[18:07:32] [Server thread/INFO]: Item Despawn Rate: 6000
[18:07:32] [Server thread/INFO]: Arrow Despawn Rate: 1200 Trident Respawn Rate:1200
[18:07:32] [Server thread/INFO]: Nerfing mobs spawned from spawners: false
[18:07:32] [Server thread/INFO]: Cactus Growth Modifier: 100%
[18:07:32] [Server thread/INFO]: Cane Growth Modifier: 100%
[18:07:32] [Server thread/INFO]: Melon Growth Modifier: 100%
[18:07:32] [Server thread/INFO]: Mushroom Growth Modifier: 100%
[18:07:32] [Server thread/INFO]: Pumpkin Growth Modifier: 100%
[18:07:32] [Server thread/INFO]: Sapling Growth Modifier: 100%
[18:07:32] [Server thread/INFO]: Beetroot Growth Modifier: 100%
[18:07:32] [Server thread/INFO]: Carrot Growth Modifier: 100%
[18:07:32] [Server thread/INFO]: Potato Growth Modifier: 100%
[18:07:32] [Server thread/INFO]: Wheat Growth Modifier: 100%
[18:07:32] [Server thread/INFO]: NetherWart Growth Modifier: 100%
[18:07:32] [Server thread/INFO]: Vine Growth Modifier: 100%
[18:07:32] [Server thread/INFO]: Cocoa Growth Modifier: 100%
[18:07:32] [Server thread/INFO]: Bamboo Growth Modifier: 100%
[18:07:32] [Server thread/INFO]: SweetBerry Growth Modifier: 100%
[18:07:32] [Server thread/INFO]: Kelp Growth Modifier: 100%
[18:07:32] [Server thread/INFO]: TwistingVines Growth Modifier: 100%
[18:07:32] [Server thread/INFO]: WeepingVines Growth Modifier: 100%
[18:07:32] [Server thread/INFO]: CaveVines Growth Modifier: 100%
[18:07:32] [Server thread/INFO]: Entity Activation Range: An 32 / Mo 32 / Ra 48 / Mi 16 / Tiv true / Isa false
[18:07:32] [Server thread/INFO]: Custom Map Seeds:  Village: 10387312 Desert: 14357617 Igloo: 14357618 Jungle: 14357619 Swamp: 14357620 Monument: 10387313 Ocean: 14357621 Shipwreck: 165745295 End City: 10387313 Slime: 987234911 Nether: 30084232 Mansion: 10387319 Fossil: 14357921 Portal: 34222645
[18:07:32] [Server thread/INFO]: View Distance: 10
[18:07:32] [Server thread/INFO]: Item Merge Radius: 2.5
[18:07:32] [Server thread/INFO]: Experience Merge Radius: 3.0
[18:07:32] [Server thread/INFO]: Mob Spawn Range: 6
[18:07:32] [Server thread/INFO]: Entity Tracking Range: Pl 48 / An 48 / Mo 48 / Mi 32 / Di 128 / Other 64
[18:07:32] [Server thread/INFO]: Hopper Transfer: 8 Hopper Check: 1 Hopper Amount: 1 Hopper Can Load Chunks: false
[18:07:32] [Server thread/INFO]: Max TNT Explosions: 100
[18:07:32] [Server thread/INFO]: Tile Max Tick Time: 50ms Entity max Tick Time: 50ms
[18:07:32] [Server thread/INFO]: [mahimutblocktouch] Disabling mahimutblocktouch v0.0.1
[18:07:33] [Server thread/INFO]: Loaded 7 recipes
[18:07:33] [Server thread/INFO]: [mahimutblocktouch] Loading mahimutblocktouch v0.0.1
[18:07:33] [Server thread/INFO]: [mahimutblocktouch] Enabling mahimutblocktouch v0.0.1
[18:07:33] [Server thread/INFO]: Server permissions file permissions.yml is empty, ignoring it
[18:07:33] [Server thread/INFO]: MiguelDeg: [0;32;1mReload complete.[m
[18:08:13] [Server thread/INFO]: MiguelDeg issued server command: /give MiguelDeg
[18:08:19] [Server thread/INFO]: MiguelDeg issued server command: /give MiguelDeg minecraft:dirt 3000
[18:08:19] [Server thread/INFO]: [MiguelDeg: Gave 3000 [Dirt] to MiguelDeg]
[18:08:44] [Server thread/INFO]: MiguelDeg lost connection: Disconnected
[18:08:44] [Server thread/INFO]: MiguelDeg left the game
[18:09:15] [Thread-2/INFO]: Stopping server
